[INFO  - 2017-07-11T16:49:49.786Z] GhostDriver - Main - running on port 55595
[INFO  - 2017-07-11T16:49:49.841Z] Session [f434b6a0-6658-11e7-853a-05e031773995] - page.settings - {"XSSAuditingEnabled":false,"javascriptCanCloseWindows":true,"javascriptCanOpenWindows":true,"javascriptEnabled":true,"loadImages":true,"localToRemoteUrlAccessEnabled":false,"userAgent":"Mozilla/5.0 (Macintosh; Intel Mac OS X) AppleWebKit/538.1 (KHTML, like Gecko) PhantomJS/2.1.1 Safari/538.1","webSecurityEnabled":true}
[INFO  - 2017-07-11T16:49:49.841Z] Session [f434b6a0-6658-11e7-853a-05e031773995] - page.customHeaders:  - {}
[INFO  - 2017-07-11T16:49:49.841Z] Session [f434b6a0-6658-11e7-853a-05e031773995] - Session.negotiatedCapabilities - {"browserName":"phantomjs","version":"2.1.1","driverName":"ghostdriver","driverVersion":"1.2.0","platform":"mac-10.11 (El Capitan)-64bit","javascriptEnabled":true,"takesScreenshot":true,"handlesAlerts":false,"databaseEnabled":false,"locationContextEnabled":false,"applicationCacheEnabled":false,"browserConnectionEnabled":false,"cssSelectorsEnabled":true,"webStorageEnabled":false,"rotatable":false,"acceptSslCerts":false,"nativeEvents":true,"proxy":{"proxyType":"direct"}}
[INFO  - 2017-07-11T16:49:49.841Z] SessionManagerReqHand - _postNewSessionCommand - New Session Created: f434b6a0-6658-11e7-853a-05e031773995
[ERROR - 2017-07-11T16:49:51.916Z] WebElementLocator - _handleLocateCommand - Element(s) NOT Found: GAVE UP. Search Stop Time: 1499791791876

  phantomjs://platform/console++.js:263 in error
[ERROR - 2017-07-11T16:49:52.819Z] WebElementLocator - _handleLocateCommand - Element(s) NOT Found: GAVE UP. Search Stop Time: 1499791792784

  phantomjs://platform/console++.js:263 in error
[ERROR - 2017-07-11T16:49:53.602Z] WebElementLocator - _handleLocateCommand - Element(s) NOT Found: GAVE UP. Search Stop Time: 1499791793574

  phantomjs://platform/console++.js:263 in error
[ERROR - 2017-07-11T16:49:54.374Z] WebElementLocator - _handleLocateCommand - Element(s) NOT Found: GAVE UP. Search Stop Time: 1499791794346

  phantomjs://platform/console++.js:263 in error
[ERROR - 2017-07-11T16:49:55.154Z] WebElementLocator - _handleLocateCommand - Element(s) NOT Found: GAVE UP. Search Stop Time: 1499791795124

  phantomjs://platform/console++.js:263 in error
[ERROR - 2017-07-11T16:49:55.929Z] WebElementLocator - _handleLocateCommand - Element(s) NOT Found: GAVE UP. Search Stop Time: 1499791795900

  phantomjs://platform/console++.js:263 in error
[ERROR - 2017-07-11T16:49:56.709Z] WebElementLocator - _handleLocateCommand - Element(s) NOT Found: GAVE UP. Search Stop Time: 1499791796679

  phantomjs://platform/console++.js:263 in error
[ERROR - 2017-07-11T16:49:57.479Z] WebElementLocator - _handleLocateCommand - Element(s) NOT Found: GAVE UP. Search Stop Time: 1499791797452

  phantomjs://platform/console++.js:263 in error
